0 verbose cli /Users/terryluongo/.nvm/versions/node/v18.14.0/bin/node /Users/terryluongo/.nvm/versions/node/v18.14.0/bin/npm
1 info using npm@9.3.1
2 info using node@v18.14.0
3 timing npm:load:whichnode Completed in 1ms
4 timing config:load:defaults Completed in 1ms
5 timing config:load:file:/Users/terryluongo/.nvm/versions/node/v18.14.0/lib/node_modules/npm/npmrc Completed in 0ms
6 timing config:load:builtin Completed in 0ms
7 timing config:load:cli Completed in 1ms
8 timing config:load:env Completed in 0ms
9 timing config:load:file:/Users/terryluongo/Documents/GitHub/cs312/MiddReddit/.npmrc Completed in 1ms
10 timing config:load:project Completed in 1ms
11 timing config:load:file:/Users/terryluongo/.npmrc Completed in 0ms
12 timing config:load:user Completed in 0ms
13 timing config:load:file:/Users/terryluongo/.nvm/versions/node/v18.14.0/etc/npmrc Completed in 0ms
14 timing config:load:global Completed in 0ms
15 timing config:load:setEnvs Completed in 1ms
16 timing config:load Completed in 4ms
17 timing npm:load:configload Completed in 4ms
18 timing npm:load:mkdirpcache Completed in 0ms
19 timing npm:load:mkdirplogs Completed in 0ms
20 verbose title npm run eslint
21 verbose argv "run" "eslint" "--cache" "--fix"
22 timing npm:load:setTitle Completed in 6ms
23 timing config:load:flatten Completed in 2ms
24 timing npm:load:display Completed in 2ms
25 verbose logfile logs-max:10 dir:/Users/terryluongo/Documents/GitHub/cs312/MiddReddit/--fix/_logs/2023-04-17T21_18_41_371Z-
26 verbose logfile /Users/terryluongo/Documents/GitHub/cs312/MiddReddit/--fix/_logs/2023-04-17T21_18_41_371Z-debug-0.log
27 timing npm:load:logFile Completed in 2ms
28 timing npm:load:timers Completed in 0ms
29 timing npm:load:configScope Completed in 0ms
30 timing npm:load Completed in 15ms
31 silly logfile done cleaning log files
32 timing command:run Completed in 27ms
33 verbose stack Error: Missing script: "eslint"
33 verbose stack
33 verbose stack Did you mean this?
33 verbose stack     npm run lint # run the "lint" package script
33 verbose stack
33 verbose stack To see a list of scripts, run:
33 verbose stack   npm run
33 verbose stack     at RunScript.run (/Users/terryluongo/.nvm/versions/node/v18.14.0/lib/node_modules/npm/lib/commands/run-script.js:99:13)
33 verbose stack     at async module.exports (/Users/terryluongo/.nvm/versions/node/v18.14.0/lib/node_modules/npm/lib/cli.js:134:5)
34 verbose cwd /Users/terryluongo/Documents/GitHub/cs312/MiddReddit
35 verbose Darwin 21.6.0
36 verbose node v18.14.0
37 verbose npm  v9.3.1
38 error Missing script: "eslint"
38 error
38 error Did you mean this?
38 error     npm run lint # run the "lint" package script
38 error
38 error To see a list of scripts, run:
38 error   npm run
39 verbose exit 1
40 timing npm Completed in 50ms
41 verbose code 1
42 error A complete log of this run can be found in:
42 error     /Users/terryluongo/Documents/GitHub/cs312/MiddReddit/--fix/_logs/2023-04-17T21_18_41_371Z-debug-0.log
